{
  "RSpec": {
    "coverage": {
      "/Users/alexander.boyd/Documents/repos/fac_dev_workshops/config/environment.rb": {
        "lines": [
          null,
          1,
          null,
          null,
          1
        ]
      },
      "/Users/alexander.boyd/Documents/repos/fac_dev_workshops/config/application.rb": {
        "lines": [
          1,
          null,
          1,
          null,
          null,
          null,
          1,
          null,
          1,
          1,
          null,
          1,
          null,
          null,
          null,
          null,
          1,
          null,
          null,
          null,
          null,
          null,
          null,
          null,
          null,
          null,
          null
        ]
      },
      "/Users/alexander.boyd/Documents/repos/fac_dev_workshops/config/boot.rb": {
        "lines": [
          1,
          null,
          1,
          1
        ]
      },
      "/Users/alexander.boyd/Documents/repos/fac_dev_workshops/config/environments/test.rb": {
        "lines": [
          1,
          null,
          null,
          null,
          null,
          null,
          null,
          1,
          null,
          null,
          null,
          1,
          null,
          null,
          null,
          null,
          null,
          1,
          null,
          null,
          1,
          1,
          null,
          null,
          null,
          null,
          1,
          1,
          1,
          null,
          null,
          1,
          null,
          null,
          1,
          null,
          null,
          1,
          null,
          1,
          null,
          null,
          null,
          null,
          1,
          null,
          null,
          1,
          null,
          null,
          1,
          null,
          null,
          1,
          null,
          null,
          null,
          null,
          null,
          null,
          null,
          null,
          1,
          null
        ]
      },
      "/Users/alexander.boyd/Documents/repos/fac_dev_workshops/config/initializers/assets.rb": {
        "lines": [
          null,
          null,
          null,
          1,
          null,
          null,
          null,
          1,
          1,
          1,
          null,
          null,
          null,
          null,
          null,
          1
        ]
      },
      "/Users/alexander.boyd/Documents/repos/fac_dev_workshops/config/initializers/content_security_policy.rb": {
        "lines": [
          null,
          null,
          null,
          null,
          null,
          null,
          null,
          null,
          null,
          null,
          null,
          null,
          null,
          null,
          null,
          null,
          null,
          null,
          null,
          null,
          null,
          null,
          null,
          null,
          null
        ]
      },
      "/Users/alexander.boyd/Documents/repos/fac_dev_workshops/config/initializers/devise.rb": {
        "lines": [
          null,
          null,
          null,
          null,
          null,
          null,
          null,
          null,
          null,
          null,
          1,
          null,
          null,
          null,
          null,
          null,
          null,
          null,
          null,
          null,
          null,
          null,
          null,
          null,
          null,
          null,
          1,
          null,
          null,
          null,
          null,
          null,
          null,
          null,
          null,
          null,
          null,
          null,
          1,
          null,
          null,
          null,
          null,
          null,
          null,
          null,
          null,
          null,
          null,
          null,
          null,
          null,
          null,
          null,
          null,
          null,
          null,
          null,
          null,
          null,
          1,
          null,
          null,
          null,
          null,
          1,
          null,
          null,
          null,
          null,
          null,
          null,
          null,
          null,
          null,
          null,
          null,
          null,
          null,
          null,
          null,
          null,
          null,
          null,
          null,
          null,
          null,
          null,
          null,
          null,
          null,
          null,
          null,
          null,
          null,
          null,
          null,
          null,
          null,
          1,
          null,
          null,
          null,
          null,
          null,
          null,
          null,
          null,
          null,
          null,
          null,
          null,
          null,
          null,
          null,
          null,
          null,
          null,
          null,
          null,
          null,
          null,
          null,
          null,
          null,
          1,
          null,
          null,
          null,
          null,
          null,
          null,
          null,
          null,
          null,
          null,
          null,
          null,
          null,
          null,
          null,
          null,
          null,
          null,
          null,
          null,
          null,
          null,
          null,
          null,
          null,
          null,
          null,
          null,
          null,
          null,
          null,
          null,
          null,
          1,
          null,
          null,
          null,
          null,
          null,
          null,
          null,
          null,
          null,
          1,
          null,
          null,
          null,
          null,
          null,
          null,
          null,
          null,
          null,
          null,
          1,
          null,
          null,
          null,
          null,
          1,
          null,
          null,
          null,
          null,
          null,
          null,
          null,
          null,
          null,
          null,
          null,
          null,
          null,
          null,
          null,
          null,
          null,
          null,
          null,
          null,
          null,
          null,
          null,
          null,
          null,
          null,
          null,
          null,
          null,
          null,
          null,
          null,
          null,
          null,
          null,
          null,
          null,
          null,
          null,
          null,
          1,
          null,
          null,
          null,
          null,
          null,
          null,
          null,
          null,
          null,
          null,
          null,
          null,
          null,
          null,
          null,
          null,
          null,
          null,
          null,
          null,
          null,
          null,
          null,
          null,
          null,
          null,
          null,
          null,
          null,
          null,
          null,
          null,
          null,
          null,
          null,
          null,
          null,
          null,
          null,
          null,
          null,
          1,
          null,
          null,
          null,
          null,
          null,
          null,
          null,
          null,
          null,
          null,
          null,
          null,
          null,
          null,
          null,
          null,
          null,
          null,
          null,
          null,
          null,
          null,
          null,
          null,
          null,
          null,
          null,
          null,
          null,
          null,
          null,
          null,
          null,
          null,
          null,
          1,
          1,
          null,
          null,
          null,
          null,
          null,
          null,
          null
        ]
      },
      "/Users/alexander.boyd/Documents/repos/fac_dev_workshops/config/initializers/filter_parameter_logging.rb": {
        "lines": [
          null,
          null,
          null,
          null,
          null,
          1,
          null,
          null,
          null,
          null,
          null,
          null,
          null,
          null,
          null,
          null
        ]
      },
      "/Users/alexander.boyd/Documents/repos/fac_dev_workshops/config/initializers/inflections.rb": {
        "lines": [
          null,
          null,
          null,
          null,
          null,
          null,
          null,
          null,
          null,
          null,
          null,
          null,
          null,
          null,
          null,
          null
        ]
      },
      "/Users/alexander.boyd/Documents/repos/fac_dev_workshops/config/initializers/permissions_policy.rb": {
        "lines": [
          null,
          null,
          null,
          null,
          null,
          null,
          null,
          null,
          null,
          null,
          null,
          null,
          null
        ]
      },
      "/Users/alexander.boyd/Documents/repos/fac_dev_workshops/config/initializers/simple_form.rb": {
        "lines": [
          null,
          null,
          null,
          null,
          null,
          null,
          null,
          null,
          null,
          1,
          null,
          null,
          null,
          null,
          null,
          1,
          null,
          null,
          null,
          null,
          null,
          null,
          null,
          null,
          null,
          1,
          null,
          null,
          null,
          1,
          null,
          null,
          null,
          null,
          null,
          null,
          null,
          null,
          null,
          1,
          null,
          null,
          1,
          null,
          null,
          1,
          null,
          null,
          1,
          null,
          null,
          1,
          null,
          null,
          null,
          1,
          1,
          1,
          null,
          null,
          null,
          null,
          null,
          null,
          null,
          null,
          null,
          1,
          null,
          null,
          null,
          null,
          null,
          1,
          null,
          null,
          1,
          null,
          null,
          null,
          null,
          null,
          null,
          null,
          1,
          null,
          null,
          1,
          null,
          null,
          null,
          null,
          null,
          null,
          null,
          null,
          null,
          null,
          null,
          null,
          null,
          null,
          null,
          null,
          null,
          null,
          null,
          null,
          null,
          null,
          null,
          null,
          null,
          null,
          null,
          null,
          null,
          null,
          null,
          null,
          null,
          null,
          null,
          null,
          null,
          null,
          null,
          null,
          null,
          1,
          null,
          null,
          null,
          null,
          null,
          null,
          null,
          null,
          null,
          null,
          null,
          null,
          null,
          null,
          null,
          null,
          null,
          null,
          null,
          null,
          null,
          null,
          null,
          null,
          null,
          null,
          null,
          null,
          null,
          null,
          null,
          null,
          null,
          1,
          null,
          null,
          null,
          null,
          null,
          null,
          null,
          null,
          null,
          null,
          null,
          null
        ]
      },
      "/Users/alexander.boyd/Documents/repos/fac_dev_workshops/config/initializers/simple_form_bootstrap.rb": {
        "lines": [
          null,
          null,
          null,
          null,
          null,
          null,
          null,
          null,
          null,
          null,
          null,
          null,
          null,
          1,
          null,
          1,
          null,
          null,
          1,
          null,
          null,
          1,
          null,
          null,
          1,
          null,
          null,
          1,
          null,
          null,
          null,
          1,
          null,
          null,
          1,
          null,
          null,
          null,
          null,
          1,
          null,
          null,
          1,
          1,
          null,
          null,
          null,
          null,
          null,
          1,
          1,
          1,
          1,
          1,
          1,
          1,
          1,
          1,
          1,
          1,
          1,
          null,
          null,
          null,
          1,
          1,
          1,
          1,
          1,
          1,
          1,
          1,
          null,
          null,
          null,
          null,
          1,
          1,
          1,
          1,
          1,
          null,
          1,
          1,
          1,
          null,
          null,
          null,
          1,
          1,
          1,
          1,
          1,
          null,
          1,
          1,
          1,
          null,
          null,
          null,
          1,
          1,
          1,
          1,
          1,
          1,
          1,
          1,
          1,
          1,
          null,
          null,
          null,
          1,
          1,
          1,
          1,
          1,
          1,
          1,
          null,
          null,
          null,
          1,
          1,
          1,
          1,
          1,
          1,
          null,
          1,
          1,
          null,
          null,
          null,
          1,
          1,
          1,
          1,
          1,
          1,
          1,
          1,
          1,
          null,
          null,
          null,
          null,
          null,
          null,
          1,
          1,
          1,
          1,
          1,
          1,
          1,
          1,
          1,
          1,
          1,
          1,
          1,
          null,
          null,
          null,
          null,
          1,
          1,
          1,
          1,
          1,
          1,
          1,
          1,
          1,
          null,
          null,
          null,
          null,
          null,
          1,
          1,
          1,
          1,
          1,
          1,
          1,
          1,
          null,
          null,
          null,
          null,
          1,
          1,
          1,
          1,
          1,
          1,
          1,
          1,
          null,
          null,
          null,
          null,
          1,
          1,
          1,
          1,
          1,
          1,
          1,
          1,
          1,
          1,
          1,
          null,
          null,
          null,
          null,
          1,
          1,
          1,
          1,
          1,
          1,
          1,
          1,
          null,
          null,
          null,
          null,
          1,
          1,
          1,
          1,
          1,
          1,
          1,
          null,
          1,
          1,
          null,
          null,
          null,
          null,
          1,
          1,
          1,
          1,
          1,
          1,
          1,
          1,
          1,
          1,
          null,
          null,
          null,
          null,
          null,
          null,
          null,
          1,
          1,
          1,
          1,
          1,
          1,
          1,
          1,
          1,
          null,
          1,
          1,
          1,
          null,
          null,
          null,
          1,
          1,
          1,
          1,
          1,
          1,
          1,
          1,
          null,
          null,
          null,
          null,
          null,
          null,
          null,
          1,
          1,
          1,
          1,
          1,
          1,
          1,
          1,
          null,
          null,
          null,
          null,
          null,
          null,
          1,
          1,
          1,
          1,
          1,
          1,
          1,
          1,
          1,
          1,
          1,
          1,
          1,
          1,
          null,
          1,
          null,
          null,
          null,
          null,
          null,
          null,
          1,
          1,
          1,
          1,
          1,
          1,
          1,
          1,
          1,
          1,
          1,
          1,
          null,
          null,
          null,
          1,
          1,
          1,
          1,
          1,
          1,
          1,
          null,
          null,
          null,
          null,
          1,
          null,
          null,
          null,
          1,
          null,
          null,
          null,
          null,
          null,
          null,
          null,
          null,
          null,
          null,
          null
        ]
      },
      "/Users/alexander.boyd/Documents/repos/fac_dev_workshops/spec/factories/facilitators.rb": {
        "lines": [
          1,
          1,
          68,
          68,
          68,
          null,
          null
        ]
      },
      "/Users/alexander.boyd/Documents/repos/fac_dev_workshops/spec/factories/participants.rb": {
        "lines": [
          1,
          1,
          14,
          14,
          null,
          null
        ]
      },
      "/Users/alexander.boyd/Documents/repos/fac_dev_workshops/spec/factories/track_workshops.rb": {
        "lines": [
          1,
          1,
          null,
          null,
          null
        ]
      },
      "/Users/alexander.boyd/Documents/repos/fac_dev_workshops/spec/factories/tracks.rb": {
        "lines": [
          1,
          1,
          12,
          null,
          1,
          11,
          null,
          null,
          null,
          null,
          null,
          null,
          null
        ]
      },
      "/Users/alexander.boyd/Documents/repos/fac_dev_workshops/spec/factories/workshop_facilitators.rb": {
        "lines": [
          1,
          1,
          null,
          null,
          null
        ]
      },
      "/Users/alexander.boyd/Documents/repos/fac_dev_workshops/spec/factories/workshop_participants.rb": {
        "lines": [
          1,
          1,
          null,
          null,
          null
        ]
      },
      "/Users/alexander.boyd/Documents/repos/fac_dev_workshops/spec/factories/workshops.rb": {
        "lines": [
          1,
          1,
          1,
          39,
          null,
          1,
          39,
          null,
          null,
          null,
          null,
          null,
          null,
          1,
          1,
          1,
          null,
          null,
          1,
          1,
          1,
          null,
          null,
          1,
          2,
          2,
          null,
          null,
          null
        ]
      },
      "/Users/alexander.boyd/Documents/repos/fac_dev_workshops/config/routes.rb": {
        "lines": [
          1,
          1,
          1,
          1,
          1,
          1,
          1,
          1,
          null,
          null,
          null,
          null,
          1,
          null,
          null,
          1,
          null
        ]
      },
      "/Users/alexander.boyd/Documents/repos/fac_dev_workshops/app/models/facilitator.rb": {
        "lines": [
          1,
          null,
          null,
          1,
          null,
          null,
          null,
          null,
          1,
          1,
          null
        ]
      },
      "/Users/alexander.boyd/Documents/repos/fac_dev_workshops/app/models/application_record.rb": {
        "lines": [
          1,
          1,
          null
        ]
      },
      "/Users/alexander.boyd/Documents/repos/fac_dev_workshops/app/helpers/application_helper.rb": {
        "lines": [
          1,
          null
        ]
      },
      "/Users/alexander.boyd/Documents/repos/fac_dev_workshops/app/helpers/facilitators_helper.rb": {
        "lines": [
          1,
          null
        ]
      },
      "/Users/alexander.boyd/Documents/repos/fac_dev_workshops/app/helpers/participants_helper.rb": {
        "lines": [
          1,
          null
        ]
      },
      "/Users/alexander.boyd/Documents/repos/fac_dev_workshops/app/helpers/track_workshops_helper.rb": {
        "lines": [
          1,
          null
        ]
      },
      "/Users/alexander.boyd/Documents/repos/fac_dev_workshops/app/helpers/tracks_helper.rb": {
        "lines": [
          1,
          null
        ]
      },
      "/Users/alexander.boyd/Documents/repos/fac_dev_workshops/app/helpers/workshop_facilitators_helper.rb": {
        "lines": [
          1,
          null
        ]
      },
      "/Users/alexander.boyd/Documents/repos/fac_dev_workshops/app/helpers/workshop_participants_helper.rb": {
        "lines": [
          1,
          null
        ]
      },
      "/Users/alexander.boyd/Documents/repos/fac_dev_workshops/app/helpers/workshops_helper.rb": {
        "lines": [
          1,
          1,
          7,
          null,
          null,
          1,
          3,
          null,
          null
        ]
      },
      "/Users/alexander.boyd/Documents/repos/fac_dev_workshops/spec/models/facilitator_spec.rb": {
        "lines": [
          1,
          null,
          1,
          1,
          2,
          2,
          null,
          null
        ]
      },
      "/Users/alexander.boyd/Documents/repos/fac_dev_workshops/spec/models/participant_spec.rb": {
        "lines": [
          1,
          null,
          1,
          1,
          2,
          2,
          null,
          null
        ]
      },
      "/Users/alexander.boyd/Documents/repos/fac_dev_workshops/app/models/participant.rb": {
        "lines": [
          1,
          1,
          1,
          null
        ]
      },
      "/Users/alexander.boyd/Documents/repos/fac_dev_workshops/spec/models/track_spec.rb": {
        "lines": [
          1,
          null,
          1,
          1,
          2,
          2,
          null,
          null
        ]
      },
      "/Users/alexander.boyd/Documents/repos/fac_dev_workshops/app/models/track.rb": {
        "lines": [
          1,
          1,
          1,
          null
        ]
      },
      "/Users/alexander.boyd/Documents/repos/fac_dev_workshops/spec/models/track_workshop_spec.rb": {
        "lines": [
          1,
          null,
          1,
          1,
          2,
          2,
          null,
          null
        ]
      },
      "/Users/alexander.boyd/Documents/repos/fac_dev_workshops/app/models/track_workshop.rb": {
        "lines": [
          1,
          1,
          1,
          null
        ]
      },
      "/Users/alexander.boyd/Documents/repos/fac_dev_workshops/spec/models/workshop_facilitator_spec.rb": {
        "lines": [
          1,
          null,
          1,
          1,
          2,
          2,
          null,
          null
        ]
      },
      "/Users/alexander.boyd/Documents/repos/fac_dev_workshops/app/models/workshop_facilitator.rb": {
        "lines": [
          1,
          1,
          1,
          null
        ]
      },
      "/Users/alexander.boyd/Documents/repos/fac_dev_workshops/spec/models/workshop_participant_spec.rb": {
        "lines": [
          1,
          null,
          1,
          1,
          2,
          2,
          null,
          null
        ]
      },
      "/Users/alexander.boyd/Documents/repos/fac_dev_workshops/app/models/workshop_participant.rb": {
        "lines": [
          1,
          1,
          1,
          null
        ]
      },
      "/Users/alexander.boyd/Documents/repos/fac_dev_workshops/spec/models/workshop_spec.rb": {
        "lines": [
          1,
          null,
          1,
          1,
          2,
          2,
          null,
          2,
          2,
          null,
          2,
          2,
          null,
          null
        ]
      },
      "/Users/alexander.boyd/Documents/repos/fac_dev_workshops/app/models/workshop.rb": {
        "lines": [
          1,
          1,
          1,
          null,
          1,
          1,
          null,
          1,
          1,
          null
        ]
      },
      "/Users/alexander.boyd/Documents/repos/fac_dev_workshops/spec/requests/participants_spec.rb": {
        "lines": [
          1,
          null,
          null,
          null,
          null,
          null,
          null,
          null,
          null,
          null,
          null,
          null,
          null,
          null,
          1,
          null,
          null,
          null,
          1,
          9,
          null,
          null,
          1,
          11,
          null,
          1,
          1,
          1,
          1,
          1,
          null,
          null,
          null,
          1,
          1,
          1,
          1,
          1,
          null,
          null,
          null,
          1,
          1,
          1,
          1,
          null,
          null,
          null,
          1,
          1,
          1,
          1,
          1,
          null,
          null,
          null,
          1,
          1,
          1,
          1,
          1,
          null,
          null,
          null,
          1,
          1,
          1,
          null,
          null,
          null,
          null,
          1,
          1,
          3,
          null,
          1,
          1,
          1,
          null,
          null,
          null,
          1,
          1,
          null,
          null,
          1,
          1,
          1,
          null,
          null,
          null,
          1,
          1,
          null,
          null,
          null,
          null,
          1,
          1,
          1,
          2,
          null,
          null,
          null,
          null,
          null,
          1,
          1,
          1,
          1,
          null,
          null,
          null,
          null
        ]
      },
      "/Users/alexander.boyd/Documents/repos/fac_dev_workshops/spec/requests/track_workshops_spec.rb": {
        "lines": [
          1,
          null,
          null,
          null,
          null,
          null,
          null,
          null,
          null,
          null,
          null,
          null,
          null,
          null,
          1,
          null,
          null,
          null,
          1,
          8,
          8,
          null,
          null,
          1,
          7,
          null,
          null,
          1,
          9,
          null,
          1,
          1,
          1,
          1,
          1,
          null,
          null,
          null,
          1,
          1,
          1,
          1,
          1,
          null,
          null,
          null,
          1,
          1,
          1,
          1,
          null,
          null,
          null,
          1,
          1,
          1,
          1,
          1,
          null,
          null,
          null,
          1,
          1,
          1,
          1,
          1,
          null,
          null,
          null,
          null,
          null,
          null,
          1,
          1,
          1,
          null,
          null,
          null,
          null,
          null,
          null,
          1,
          1,
          1,
          2,
          null,
          null,
          null,
          null,
          null,
          1,
          1,
          1,
          1,
          null,
          null,
          null,
          null
        ]
      },
      "/Users/alexander.boyd/Documents/repos/fac_dev_workshops/spec/requests/tracks_spec.rb": {
        "lines": [
          1,
          null,
          null,
          null,
          null,
          null,
          null,
          null,
          null,
          null,
          null,
          null,
          null,
          null,
          1,
          null,
          null,
          null,
          1,
          null,
          9,
          null,
          null,
          null,
          null,
          1,
          11,
          null,
          1,
          1,
          1,
          1,
          1,
          null,
          null,
          null,
          1,
          1,
          1,
          1,
          1,
          null,
          null,
          null,
          1,
          1,
          1,
          1,
          null,
          null,
          null,
          1,
          1,
          1,
          1,
          1,
          null,
          null,
          null,
          1,
          1,
          1,
          1,
          1,
          null,
          null,
          null,
          1,
          1,
          1,
          null,
          null,
          null,
          null,
          1,
          1,
          3,
          null,
          1,
          1,
          1,
          1,
          1,
          null,
          null,
          1,
          1,
          1,
          1,
          1,
          null,
          null,
          null,
          null,
          1,
          1,
          1,
          2,
          null,
          null,
          1,
          1,
          1,
          1,
          null,
          null,
          null,
          null
        ]
      },
      "/Users/alexander.boyd/Documents/repos/fac_dev_workshops/spec/requests/workshop_facilitators_spec.rb": {
        "lines": [
          1,
          null,
          null,
          null,
          null,
          null,
          null,
          null,
          null,
          null,
          null,
          null,
          null,
          null,
          1,
          null,
          null,
          null,
          null,
          1,
          8,
          8,
          null,
          null,
          1,
          7,
          null,
          null,
          1,
          9,
          null,
          1,
          1,
          1,
          1,
          1,
          null,
          null,
          null,
          1,
          1,
          1,
          1,
          1,
          null,
          null,
          null,
          1,
          1,
          1,
          1,
          null,
          null,
          null,
          1,
          1,
          1,
          1,
          1,
          null,
          null,
          null,
          1,
          1,
          1,
          1,
          1,
          null,
          null,
          null,
          null,
          null,
          null,
          1,
          1,
          null,
          null,
          null,
          1,
          null,
          null,
          null,
          null,
          null,
          null,
          1,
          1,
          1,
          1,
          1,
          null,
          null,
          null,
          1,
          1,
          1,
          1,
          null,
          null,
          null,
          null
        ]
      },
      "/Users/alexander.boyd/Documents/repos/fac_dev_workshops/spec/requests/workshop_participants_spec.rb": {
        "lines": [
          1,
          null,
          null,
          null,
          null,
          null,
          null,
          null,
          null,
          null,
          null,
          null,
          null,
          null,
          1,
          null,
          null,
          null,
          null,
          1,
          10,
          10,
          null,
          null,
          1,
          9,
          null,
          null,
          1,
          11,
          null,
          1,
          1,
          1,
          1,
          1,
          null,
          null,
          null,
          1,
          1,
          1,
          1,
          1,
          null,
          null,
          null,
          1,
          1,
          1,
          1,
          null,
          null,
          null,
          1,
          1,
          1,
          1,
          1,
          null,
          null,
          null,
          1,
          1,
          1,
          1,
          1,
          null,
          null,
          null,
          null,
          null,
          null,
          1,
          1,
          null,
          null,
          null,
          1,
          null,
          null,
          null,
          null,
          null,
          null,
          1,
          1,
          3,
          null,
          1,
          1,
          1,
          null,
          null,
          null,
          1,
          1,
          null,
          null,
          1,
          1,
          1,
          null,
          null,
          null,
          1,
          1,
          null,
          null,
          null,
          null,
          null,
          null,
          1,
          1,
          1,
          1,
          1,
          null,
          null,
          null,
          1,
          1,
          1,
          1,
          null,
          null,
          null,
          null
        ]
      },
      "/Users/alexander.boyd/Documents/repos/fac_dev_workshops/spec/requests/workshops_spec.rb": {
        "lines": [
          1,
          null,
          null,
          null,
          null,
          null,
          null,
          null,
          null,
          null,
          null,
          null,
          null,
          null,
          1,
          null,
          null,
          null,
          1,
          null,
          9,
          null,
          null,
          null,
          null,
          null,
          null,
          1,
          11,
          null,
          1,
          1,
          1,
          1,
          1,
          null,
          null,
          null,
          1,
          1,
          1,
          1,
          1,
          null,
          null,
          null,
          1,
          1,
          1,
          1,
          null,
          null,
          null,
          1,
          1,
          1,
          1,
          1,
          null,
          null,
          null,
          1,
          1,
          1,
          1,
          1,
          null,
          null,
          null,
          1,
          1,
          1,
          null,
          null,
          null,
          null,
          1,
          1,
          3,
          null,
          1,
          1,
          1,
          1,
          1,
          null,
          null,
          1,
          1,
          1,
          1,
          1,
          null,
          null,
          null,
          null,
          1,
          1,
          1,
          2,
          null,
          null,
          null,
          null,
          1,
          1,
          1,
          1,
          null,
          null,
          null,
          null
        ]
      },
      "/Users/alexander.boyd/Documents/repos/fac_dev_workshops/spec/routing/participants_routing_spec.rb": {
        "lines": [
          1,
          null,
          1,
          1,
          1,
          1,
          null,
          null,
          1,
          1,
          null,
          null,
          1,
          1,
          null,
          null,
          1,
          1,
          null,
          null,
          null,
          1,
          1,
          null,
          null,
          1,
          1,
          null,
          null,
          1,
          1,
          null,
          null,
          1,
          1,
          null,
          null,
          null
        ]
      },
      "/Users/alexander.boyd/Documents/repos/fac_dev_workshops/app/controllers/participants_controller.rb": {
        "lines": [
          1,
          1,
          1,
          null,
          null,
          1,
          1,
          null,
          null,
          null,
          1,
          null,
          null,
          null,
          1,
          1,
          null,
          null,
          null,
          1,
          null,
          null,
          null,
          1,
          2,
          null,
          2,
          2,
          2,
          2,
          null,
          null,
          2,
          null,
          0,
          0,
          0,
          null,
          null,
          null,
          null,
          null,
          null,
          1,
          2,
          2,
          2,
          2,
          null,
          null,
          2,
          null,
          0,
          0,
          0,
          null,
          null,
          null,
          null,
          null,
          null,
          1,
          2,
          null,
          2,
          2,
          2,
          null,
          null,
          null,
          2,
          null,
          null,
          null,
          1,
          null,
          null,
          1,
          6,
          null,
          null,
          null,
          1,
          4,
          null,
          null
        ]
      },
      "/Users/alexander.boyd/Documents/repos/fac_dev_workshops/app/controllers/application_controller.rb": {
        "lines": [
          1,
          1,
          null
        ]
      },
      "/Users/alexander.boyd/Documents/repos/fac_dev_workshops/app/controllers/concerns/require_login.rb": {
        "lines": [
          1,
          1,
          null,
          1,
          41,
          null,
          null
        ]
      },
      "/Users/alexander.boyd/Documents/repos/fac_dev_workshops/spec/routing/track_workshops_routing_spec.rb": {
        "lines": [
          1,
          null,
          1,
          1,
          1,
          1,
          null,
          null,
          1,
          1,
          null,
          null,
          1,
          1,
          null,
          null,
          1,
          1,
          null,
          null,
          null,
          1,
          1,
          null,
          null,
          1,
          1,
          null,
          null,
          1,
          1,
          null,
          null,
          1,
          1,
          null,
          null,
          null
        ]
      },
      "/Users/alexander.boyd/Documents/repos/fac_dev_workshops/app/controllers/track_workshops_controller.rb": {
        "lines": [
          1,
          1,
          1,
          null,
          null,
          null,
          1,
          1,
          null,
          null,
          null,
          1,
          null,
          null,
          null,
          1,
          1,
          null,
          null,
          null,
          1,
          null,
          null,
          null,
          1,
          2,
          null,
          2,
          2,
          2,
          2,
          null,
          null,
          2,
          0,
          null,
          null,
          0,
          0,
          0,
          null,
          null,
          null,
          null,
          null,
          null,
          1,
          0,
          0,
          0,
          0,
          null,
          null,
          0,
          null,
          0,
          0,
          0,
          null,
          null,
          null,
          null,
          null,
          null,
          1,
          2,
          null,
          2,
          2,
          2,
          null,
          null,
          null,
          2,
          null,
          null,
          null,
          1,
          null,
          null,
          1,
          4,
          null,
          null,
          null,
          1,
          2,
          null,
          null
        ]
      },
      "/Users/alexander.boyd/Documents/repos/fac_dev_workshops/spec/routing/tracks_routing_spec.rb": {
        "lines": [
          1,
          null,
          1,
          1,
          1,
          1,
          null,
          null,
          1,
          1,
          null,
          null,
          1,
          1,
          null,
          null,
          1,
          1,
          null,
          null,
          null,
          1,
          1,
          null,
          null,
          1,
          1,
          null,
          null,
          1,
          1,
          null,
          null,
          1,
          1,
          null,
          null,
          null
        ]
      },
      "/Users/alexander.boyd/Documents/repos/fac_dev_workshops/app/controllers/tracks_controller.rb": {
        "lines": [
          1,
          1,
          null,
          null,
          null,
          1,
          1,
          null,
          null,
          null,
          1,
          null,
          null,
          null,
          1,
          1,
          null,
          null,
          null,
          1,
          null,
          null,
          null,
          1,
          2,
          null,
          2,
          2,
          2,
          2,
          null,
          2,
          null,
          0,
          0,
          0,
          null,
          null,
          null,
          null,
          null,
          null,
          1,
          2,
          2,
          2,
          2,
          null,
          2,
          null,
          0,
          0,
          0,
          null,
          null,
          null,
          null,
          null,
          null,
          1,
          2,
          null,
          2,
          2,
          2,
          null,
          null,
          null,
          2,
          null,
          null,
          null,
          1,
          null,
          null,
          1,
          6,
          null,
          null,
          null,
          1,
          4,
          null,
          null
        ]
      },
      "/Users/alexander.boyd/Documents/repos/fac_dev_workshops/spec/routing/workshop_facilitators_routing_spec.rb": {
        "lines": [
          1,
          null,
          1,
          1,
          1,
          1,
          null,
          null,
          1,
          1,
          null,
          null,
          1,
          1,
          null,
          null,
          1,
          1,
          null,
          null,
          null,
          1,
          1,
          null,
          null,
          1,
          1,
          null,
          null,
          1,
          1,
          null,
          null,
          1,
          1,
          null,
          null,
          null
        ]
      },
      "/Users/alexander.boyd/Documents/repos/fac_dev_workshops/app/controllers/workshop_facilitators_controller.rb": {
        "lines": [
          1,
          1,
          1,
          null,
          null,
          null,
          1,
          1,
          null,
          null,
          null,
          1,
          null,
          null,
          null,
          1,
          1,
          null,
          null,
          null,
          1,
          null,
          null,
          null,
          1,
          2,
          null,
          2,
          2,
          2,
          2,
          null,
          null,
          2,
          0,
          null,
          null,
          0,
          0,
          0,
          null,
          null,
          null,
          null,
          null,
          null,
          null,
          1,
          0,
          0,
          0,
          0,
          null,
          null,
          0,
          0,
          null,
          null,
          0,
          0,
          0,
          null,
          null,
          null,
          null,
          null,
          null,
          null,
          1,
          2,
          null,
          2,
          2,
          2,
          null,
          null,
          null,
          2,
          null,
          null,
          null,
          1,
          null,
          null,
          1,
          4,
          null,
          null,
          null,
          1,
          2,
          null,
          null
        ]
      },
      "/Users/alexander.boyd/Documents/repos/fac_dev_workshops/spec/routing/workshop_participants_routing_spec.rb": {
        "lines": [
          1,
          null,
          1,
          1,
          1,
          1,
          null,
          null,
          1,
          1,
          null,
          null,
          1,
          1,
          null,
          null,
          1,
          1,
          null,
          null,
          null,
          1,
          1,
          null,
          null,
          1,
          1,
          null,
          null,
          1,
          1,
          null,
          null,
          1,
          1,
          null,
          null,
          null
        ]
      },
      "/Users/alexander.boyd/Documents/repos/fac_dev_workshops/app/controllers/workshop_participants_controller.rb": {
        "lines": [
          1,
          1,
          1,
          null,
          null,
          null,
          1,
          1,
          null,
          null,
          null,
          1,
          null,
          null,
          null,
          1,
          1,
          null,
          null,
          null,
          1,
          null,
          null,
          null,
          1,
          2,
          null,
          2,
          2,
          2,
          2,
          null,
          null,
          2,
          0,
          null,
          null,
          0,
          0,
          0,
          null,
          null,
          null,
          null,
          null,
          null,
          null,
          1,
          2,
          2,
          2,
          2,
          null,
          null,
          2,
          0,
          null,
          null,
          0,
          0,
          0,
          null,
          null,
          null,
          null,
          null,
          null,
          null,
          1,
          2,
          null,
          2,
          2,
          2,
          null,
          null,
          null,
          2,
          null,
          null,
          null,
          1,
          null,
          null,
          1,
          6,
          null,
          null,
          null,
          1,
          4,
          null,
          null,
          null,
          null,
          null,
          null
        ]
      },
      "/Users/alexander.boyd/Documents/repos/fac_dev_workshops/spec/routing/workshops_routing_spec.rb": {
        "lines": [
          1,
          null,
          1,
          1,
          1,
          1,
          null,
          null,
          1,
          1,
          null,
          null,
          1,
          1,
          null,
          null,
          1,
          1,
          null,
          null,
          null,
          1,
          1,
          null,
          null,
          1,
          1,
          null,
          null,
          1,
          1,
          null,
          null,
          1,
          1,
          null,
          null,
          null
        ]
      },
      "/Users/alexander.boyd/Documents/repos/fac_dev_workshops/app/controllers/workshops_controller.rb": {
        "lines": [
          1,
          1,
          1,
          null,
          null,
          1,
          1,
          null,
          null,
          null,
          1,
          null,
          null,
          null,
          1,
          1,
          null,
          null,
          null,
          1,
          null,
          null,
          null,
          1,
          2,
          null,
          2,
          2,
          2,
          2,
          null,
          2,
          null,
          0,
          0,
          0,
          null,
          null,
          null,
          null,
          null,
          null,
          1,
          2,
          2,
          2,
          2,
          null,
          2,
          null,
          0,
          0,
          0,
          null,
          null,
          null,
          null,
          null,
          null,
          1,
          2,
          null,
          2,
          2,
          2,
          null,
          null,
          null,
          2,
          null,
          null,
          null,
          1,
          null,
          null,
          1,
          6,
          null,
          null,
          null,
          1,
          4,
          null,
          null,
          null,
          null,
          null,
          null,
          null
        ]
      },
      "/Users/alexander.boyd/Documents/repos/fac_dev_workshops/spec/views/participants/edit.html.erb_spec.rb": {
        "lines": [
          1,
          null,
          1,
          1,
          1,
          null,
          null,
          1,
          1,
          null,
          null,
          1,
          1,
          null,
          1,
          null,
          null,
          null
        ]
      },
      "/Users/alexander.boyd/Documents/repos/fac_dev_workshops/spec/views/participants/index.html.erb_spec.rb": {
        "lines": [
          1,
          null,
          1,
          1,
          1,
          null,
          null,
          null,
          null,
          null,
          1,
          1,
          1,
          null,
          null
        ]
      },
      "/Users/alexander.boyd/Documents/repos/fac_dev_workshops/spec/views/participants/new.html.erb_spec.rb": {
        "lines": [
          1,
          null,
          1,
          1,
          1,
          null,
          null,
          1,
          1,
          null,
          1,
          null,
          null,
          null
        ]
      },
      "/Users/alexander.boyd/Documents/repos/fac_dev_workshops/spec/views/participants/show.html.erb_spec.rb": {
        "lines": [
          1,
          null,
          1,
          1,
          1,
          null,
          null,
          1,
          1,
          null,
          null
        ]
      },
      "/Users/alexander.boyd/Documents/repos/fac_dev_workshops/spec/views/track_workshops/edit.html.erb_spec.rb": {
        "lines": [
          1,
          null,
          1,
          2,
          null,
          2,
          null,
          1,
          1,
          null,
          null,
          2,
          null,
          1,
          1,
          null,
          1,
          null,
          null,
          null,
          null,
          null
        ]
      },
      "/Users/alexander.boyd/Documents/repos/fac_dev_workshops/spec/views/track_workshops/index.html.erb_spec.rb": {
        "lines": [
          1,
          null,
          1,
          2,
          2,
          null,
          2,
          null,
          1,
          1,
          null,
          null,
          null,
          null,
          null,
          null,
          null,
          null,
          1,
          1,
          1,
          null,
          null
        ]
      },
      "/Users/alexander.boyd/Documents/repos/fac_dev_workshops/spec/views/track_workshops/new.html.erb_spec.rb": {
        "lines": [
          1,
          null,
          1,
          1,
          1,
          null,
          null,
          1,
          1,
          null,
          1,
          null,
          null,
          null
        ]
      },
      "/Users/alexander.boyd/Documents/repos/fac_dev_workshops/spec/views/track_workshops/show.html.erb_spec.rb": {
        "lines": [
          1,
          null,
          1,
          2,
          null,
          2,
          null,
          1,
          1,
          null,
          null,
          null,
          null,
          null,
          1,
          1,
          null,
          null
        ]
      },
      "/Users/alexander.boyd/Documents/repos/fac_dev_workshops/spec/views/tracks/edit.html.erb_spec.rb": {
        "lines": [
          1,
          null,
          1,
          1,
          1,
          null,
          null,
          1,
          1,
          null,
          null,
          1,
          1,
          null,
          1,
          null,
          null,
          null
        ]
      },
      "/Users/alexander.boyd/Documents/repos/fac_dev_workshops/spec/views/tracks/index.html.erb_spec.rb": {
        "lines": [
          1,
          null,
          1,
          1,
          1,
          null,
          null,
          null,
          null,
          null,
          1,
          1,
          1,
          null,
          null
        ]
      },
      "/Users/alexander.boyd/Documents/repos/fac_dev_workshops/spec/views/tracks/new.html.erb_spec.rb": {
        "lines": [
          1,
          null,
          1,
          1,
          1,
          null,
          null,
          1,
          1,
          null,
          1,
          null,
          null,
          null
        ]
      },
      "/Users/alexander.boyd/Documents/repos/fac_dev_workshops/spec/views/tracks/show.html.erb_spec.rb": {
        "lines": [
          1,
          null,
          1,
          1,
          1,
          null,
          null,
          1,
          1,
          null,
          null
        ]
      },
      "/Users/alexander.boyd/Documents/repos/fac_dev_workshops/spec/views/workshop_facilitators/edit.html.erb_spec.rb": {
        "lines": [
          1,
          null,
          1,
          2,
          null,
          2,
          null,
          1,
          1,
          null,
          null,
          null,
          null,
          null,
          2,
          null,
          1,
          1,
          null,
          1,
          null,
          null,
          null,
          null,
          null
        ]
      },
      "/Users/alexander.boyd/Documents/repos/fac_dev_workshops/spec/views/workshop_facilitators/index.html.erb_spec.rb": {
        "lines": [
          1,
          null,
          1,
          2,
          2,
          null,
          2,
          null,
          1,
          1,
          null,
          null,
          null,
          null,
          null,
          null,
          null,
          null,
          null,
          null,
          null,
          null,
          null,
          null,
          1,
          1,
          1,
          null,
          null
        ]
      },
      "/Users/alexander.boyd/Documents/repos/fac_dev_workshops/spec/views/workshop_facilitators/new.html.erb_spec.rb": {
        "lines": [
          1,
          null,
          1,
          1,
          1,
          null,
          null,
          1,
          1,
          null,
          1,
          null,
          null,
          null
        ]
      },
      "/Users/alexander.boyd/Documents/repos/fac_dev_workshops/spec/views/workshop_facilitators/show.html.erb_spec.rb": {
        "lines": [
          1,
          null,
          1,
          2,
          null,
          2,
          null,
          1,
          1,
          null,
          null,
          null,
          null,
          null,
          null,
          null,
          null,
          1,
          1,
          null,
          null
        ]
      },
      "/Users/alexander.boyd/Documents/repos/fac_dev_workshops/spec/views/workshop_participants/edit.html.erb_spec.rb": {
        "lines": [
          1,
          null,
          1,
          2,
          null,
          2,
          null,
          1,
          1,
          null,
          null,
          null,
          null,
          null,
          2,
          null,
          1,
          1,
          null,
          1,
          null,
          null,
          null,
          null,
          null
        ]
      },
      "/Users/alexander.boyd/Documents/repos/fac_dev_workshops/spec/views/workshop_participants/index.html.erb_spec.rb": {
        "lines": [
          1,
          null,
          1,
          2,
          2,
          null,
          2,
          null,
          1,
          1,
          null,
          null,
          null,
          null,
          null,
          null,
          null,
          null,
          null,
          null,
          null,
          null,
          null,
          null,
          1,
          1,
          1,
          null,
          null
        ]
      },
      "/Users/alexander.boyd/Documents/repos/fac_dev_workshops/spec/views/workshop_participants/new.html.erb_spec.rb": {
        "lines": [
          1,
          null,
          1,
          1,
          1,
          null,
          null,
          1,
          1,
          null,
          1,
          null,
          null,
          null
        ]
      },
      "/Users/alexander.boyd/Documents/repos/fac_dev_workshops/spec/views/workshop_participants/show.html.erb_spec.rb": {
        "lines": [
          1,
          null,
          1,
          2,
          null,
          2,
          null,
          1,
          1,
          null,
          null,
          null,
          null,
          null,
          null,
          null,
          null,
          1,
          1,
          null,
          null
        ]
      },
      "/Users/alexander.boyd/Documents/repos/fac_dev_workshops/spec/views/workshops/edit.html.erb_spec.rb": {
        "lines": [
          1,
          null,
          1,
          1,
          1,
          null,
          null,
          1,
          1,
          null,
          null,
          1,
          1,
          null,
          1,
          null,
          null,
          null
        ]
      },
      "/Users/alexander.boyd/Documents/repos/fac_dev_workshops/spec/views/workshops/index.html.erb_spec.rb": {
        "lines": [
          1,
          null,
          1,
          1,
          1,
          null,
          null,
          null,
          null,
          null,
          1,
          1,
          1,
          null,
          null
        ]
      },
      "/Users/alexander.boyd/Documents/repos/fac_dev_workshops/spec/views/workshops/new.html.erb_spec.rb": {
        "lines": [
          1,
          null,
          1,
          1,
          1,
          null,
          null,
          1,
          1,
          null,
          1,
          null,
          null,
          null
        ]
      },
      "/Users/alexander.boyd/Documents/repos/fac_dev_workshops/spec/views/workshops/show.html.erb_spec.rb": {
        "lines": [
          1,
          null,
          1,
          2,
          null,
          1,
          1,
          null,
          null
        ]
      }
    },
    "timestamp": 1730733670
  }
}
